<?xml version="1.0" encoding="UTF-8"?>
<testng-results ignored="0" total="1" passed="1" failed="0" skipped="0">
  <reporter-output>
  </reporter-output>
  <suite started-at="2021-12-10T16:35:17 IST" name="Default suite" finished-at="2021-12-10T16:35:17 IST" duration-ms="90">
    <groups>
    </groups>
    <test started-at="2021-12-10T16:35:17 IST" name="Default test" finished-at="2021-12-10T16:35:17 IST" duration-ms="90">
      <class name="ReadDataFromCmdTest">
        <test-method signature="resd()[pri:0, instance:ReadDataFromCmdTest@2beee7ff]" started-at="2021-12-10T16:35:17 IST" name="resd" finished-at="2021-12-10T16:35:17 IST" duration-ms="15" status="PASS">
          <reporter-output>
          </reporter-output>
        </test-method> <!-- resd -->
      </class> <!-- ReadDataFromCmdTest -->
    </test> <!-- Default test -->
  </suite> <!-- Default suite -->
</testng-results>
